<?xml version="1.0" encoding="UTF-8"?>
<testsuite xmlns:xsi="http://www.w3.org/2001/XMLSchema-instance" xsi:noNamespaceSchemaLocation="https://maven.apache.org/surefire/maven-surefire-plugin/xsd/surefire-test-report-3.0.xsd" version="3.0" name="com.example.PrestaBanco.services.BankExecutiveServiceTest" time="2.236" tests="85" errors="0" skipped="0" failures="0">
  <properties>
    <property name="java.specification.version" value="17"/>
    <property name="sun.cpu.isalist" value="amd64"/>
    <property name="sun.jnu.encoding" value="Cp1252"/>
    <property name="java.class.path" value="C:\Users\benja\Desktop\RESPALDO BACKEND\target\test-classes;C:\Users\benja\Desktop\RESPALDO BACKEND\target\classes;C:\Users\benja\.m2\repository\org\springframework\boot\spring-boot-starter-data-jpa\3.3.4\spring-boot-starter-data-jpa-3.3.4.jar;C:\Users\benja\.m2\repository\org\springframework\boot\spring-boot-starter-aop\3.3.4\spring-boot-starter-aop-3.3.4.jar;C:\Users\benja\.m2\repository\org\springframework\spring-aop\6.1.13\spring-aop-6.1.13.jar;C:\Users\benja\.m2\repository\org\aspectj\aspectjweaver\1.9.22.1\aspectjweaver-1.9.22.1.jar;C:\Users\benja\.m2\repository\org\springframework\boot\spring-boot-starter-jdbc\3.3.4\spring-boot-starter-jdbc-3.3.4.jar;C:\Users\benja\.m2\repository\com\zaxxer\HikariCP\5.1.0\HikariCP-5.1.0.jar;C:\Users\benja\.m2\repository\org\springframework\spring-jdbc\6.1.13\spring-jdbc-6.1.13.jar;C:\Users\benja\.m2\repository\org\hibernate\orm\hibernate-core\6.5.3.Final\hibernate-core-6.5.3.Final.jar;C:\Users\benja\.m2\repository\jakarta\persistence\jakarta.persistence-api\3.1.0\jakarta.persistence-api-3.1.0.jar;C:\Users\benja\.m2\repository\jakarta\transaction\jakarta.transaction-api\2.0.1\jakarta.transaction-api-2.0.1.jar;C:\Users\benja\.m2\repository\org\jboss\logging\jboss-logging\3.5.3.Final\jboss-logging-3.5.3.Final.jar;C:\Users\benja\.m2\repository\org\hibernate\common\hibernate-commons-annotations\6.0.6.Final\hibernate-commons-annotations-6.0.6.Final.jar;C:\Users\benja\.m2\repository\io\smallrye\jandex\3.1.2\jandex-3.1.2.jar;C:\Users\benja\.m2\repository\com\fasterxml\classmate\1.7.0\classmate-1.7.0.jar;C:\Users\benja\.m2\repository\org\glassfish\jaxb\jaxb-runtime\4.0.5\jaxb-runtime-4.0.5.jar;C:\Users\benja\.m2\repository\org\glassfish\jaxb\jaxb-core\4.0.5\jaxb-core-4.0.5.jar;C:\Users\benja\.m2\repository\org\eclipse\angus\angus-activation\2.0.2\angus-activation-2.0.2.jar;C:\Users\benja\.m2\repository\org\glassfish\jaxb\txw2\4.0.5\txw2-4.0.5.jar;C:\Users\benja\.m2\repository\com\sun\istack\istack-commons-runtime\4.1.2\istack-commons-runtime-4.1.2.jar;C:\Users\benja\.m2\repository\jakarta\inject\jakarta.inject-api\2.0.1\jakarta.inject-api-2.0.1.jar;C:\Users\benja\.m2\repository\org\antlr\antlr4-runtime\4.13.0\antlr4-runtime-4.13.0.jar;C:\Users\benja\.m2\repository\org\springframework\data\spring-data-jpa\3.3.4\spring-data-jpa-3.3.4.jar;C:\Users\benja\.m2\repository\org\springframework\data\spring-data-commons\3.3.4\spring-data-commons-3.3.4.jar;C:\Users\benja\.m2\repository\org\springframework\spring-orm\6.1.13\spring-orm-6.1.13.jar;C:\Users\benja\.m2\repository\org\springframework\spring-context\6.1.13\spring-context-6.1.13.jar;C:\Users\benja\.m2\repository\org\springframework\spring-tx\6.1.13\spring-tx-6.1.13.jar;C:\Users\benja\.m2\repository\org\springframework\spring-beans\6.1.13\spring-beans-6.1.13.jar;C:\Users\benja\.m2\repository\jakarta\annotation\jakarta.annotation-api\2.1.1\jakarta.annotation-api-2.1.1.jar;C:\Users\benja\.m2\repository\org\slf4j\slf4j-api\2.0.16\slf4j-api-2.0.16.jar;C:\Users\benja\.m2\repository\org\springframework\spring-aspects\6.1.13\spring-aspects-6.1.13.jar;C:\Users\benja\.m2\repository\org\springframework\boot\spring-boot-starter-web\3.3.4\spring-boot-starter-web-3.3.4.jar;C:\Users\benja\.m2\repository\org\springframework\boot\spring-boot-starter\3.3.4\spring-boot-starter-3.3.4.jar;C:\Users\benja\.m2\repository\org\springframework\boot\spring-boot\3.3.4\spring-boot-3.3.4.jar;C:\Users\benja\.m2\repository\org\springframework\boot\spring-boot-autoconfigure\3.3.4\spring-boot-autoconfigure-3.3.4.jar;C:\Users\benja\.m2\repository\org\springframework\boot\spring-boot-starter-logging\3.3.4\spring-boot-starter-logging-3.3.4.jar;C:\Users\benja\.m2\repository\ch\qos\logback\logback-classic\1.5.8\logback-classic-1.5.8.jar;C:\Users\benja\.m2\repository\ch\qos\logback\logback-core\1.5.8\logback-core-1.5.8.jar;C:\Users\benja\.m2\repository\org\apache\logging\log4j\log4j-to-slf4j\2.23.1\log4j-to-slf4j-2.23.1.jar;C:\Users\benja\.m2\repository\org\apache\logging\log4j\log4j-api\2.23.1\log4j-api-2.23.1.jar;C:\Users\benja\.m2\repository\org\slf4j\jul-to-slf4j\2.0.16\jul-to-slf4j-2.0.16.jar;C:\Users\benja\.m2\repository\org\yaml\snakeyaml\2.2\snakeyaml-2.2.jar;C:\Users\benja\.m2\repository\org\springframework\boot\spring-boot-starter-json\3.3.4\spring-boot-starter-json-3.3.4.jar;C:\Users\benja\.m2\repository\com\fasterxml\jackson\core\jackson-databind\2.17.2\jackson-databind-2.17.2.jar;C:\Users\benja\.m2\repository\com\fasterxml\jackson\core\jackson-annotations\2.17.2\jackson-annotations-2.17.2.jar;C:\Users\benja\.m2\repository\com\fasterxml\jackson\core\jackson-core\2.17.2\jackson-core-2.17.2.jar;C:\Users\benja\.m2\repository\com\fasterxml\jackson\datatype\jackson-datatype-jdk8\2.17.2\jackson-datatype-jdk8-2.17.2.jar;C:\Users\benja\.m2\repository\com\fasterxml\jackson\datatype\jackson-datatype-jsr310\2.17.2\jackson-datatype-jsr310-2.17.2.jar;C:\Users\benja\.m2\repository\com\fasterxml\jackson\module\jackson-module-parameter-names\2.17.2\jackson-module-parameter-names-2.17.2.jar;C:\Users\benja\.m2\repository\org\springframework\boot\spring-boot-starter-tomcat\3.3.4\spring-boot-starter-tomcat-3.3.4.jar;C:\Users\benja\.m2\repository\org\apache\tomcat\embed\tomcat-embed-core\10.1.30\tomcat-embed-core-10.1.30.jar;C:\Users\benja\.m2\repository\org\apache\tomcat\embed\tomcat-embed-el\10.1.30\tomcat-embed-el-10.1.30.jar;C:\Users\benja\.m2\repository\org\apache\tomcat\embed\tomcat-embed-websocket\10.1.30\tomcat-embed-websocket-10.1.30.jar;C:\Users\benja\.m2\repository\org\springframework\spring-web\6.1.13\spring-web-6.1.13.jar;C:\Users\benja\.m2\repository\io\micrometer\micrometer-observation\1.13.4\micrometer-observation-1.13.4.jar;C:\Users\benja\.m2\repository\io\micrometer\micrometer-commons\1.13.4\micrometer-commons-1.13.4.jar;C:\Users\benja\.m2\repository\org\springframework\spring-webmvc\6.1.13\spring-webmvc-6.1.13.jar;C:\Users\benja\.m2\repository\org\springframework\spring-expression\6.1.13\spring-expression-6.1.13.jar;C:\Users\benja\.m2\repository\org\springframework\boot\spring-boot-starter-test\3.3.4\spring-boot-starter-test-3.3.4.jar;C:\Users\benja\.m2\repository\org\springframework\boot\spring-boot-test\3.3.4\spring-boot-test-3.3.4.jar;C:\Users\benja\.m2\repository\org\springframework\boot\spring-boot-test-autoconfigure\3.3.4\spring-boot-test-autoconfigure-3.3.4.jar;C:\Users\benja\.m2\repository\com\jayway\jsonpath\json-path\2.9.0\json-path-2.9.0.jar;C:\Users\benja\.m2\repository\jakarta\xml\bind\jakarta.xml.bind-api\4.0.2\jakarta.xml.bind-api-4.0.2.jar;C:\Users\benja\.m2\repository\jakarta\activation\jakarta.activation-api\2.1.3\jakarta.activation-api-2.1.3.jar;C:\Users\benja\.m2\repository\net\minidev\json-smart\2.5.1\json-smart-2.5.1.jar;C:\Users\benja\.m2\repository\net\minidev\accessors-smart\2.5.1\accessors-smart-2.5.1.jar;C:\Users\benja\.m2\repository\org\ow2\asm\asm\9.6\asm-9.6.jar;C:\Users\benja\.m2\repository\org\assertj\assertj-core\3.25.3\assertj-core-3.25.3.jar;C:\Users\benja\.m2\repository\org\awaitility\awaitility\4.2.2\awaitility-4.2.2.jar;C:\Users\benja\.m2\repository\org\hamcrest\hamcrest\2.2\hamcrest-2.2.jar;C:\Users\benja\.m2\repository\org\junit\jupiter\junit-jupiter\5.10.3\junit-jupiter-5.10.3.jar;C:\Users\benja\.m2\repository\org\junit\jupiter\junit-jupiter-params\5.10.3\junit-jupiter-params-5.10.3.jar;C:\Users\benja\.m2\repository\org\junit\jupiter\junit-jupiter-engine\5.10.3\junit-jupiter-engine-5.10.3.jar;C:\Users\benja\.m2\repository\org\junit\platform\junit-platform-engine\1.10.3\junit-platform-engine-1.10.3.jar;C:\Users\benja\.m2\repository\org\skyscreamer\jsonassert\1.5.3\jsonassert-1.5.3.jar;C:\Users\benja\.m2\repository\com\vaadin\external\google\android-json\0.0.20131108.vaadin1\android-json-0.0.20131108.vaadin1.jar;C:\Users\benja\.m2\repository\org\springframework\spring-core\6.1.13\spring-core-6.1.13.jar;C:\Users\benja\.m2\repository\org\springframework\spring-jcl\6.1.13\spring-jcl-6.1.13.jar;C:\Users\benja\.m2\repository\org\springframework\spring-test\6.1.13\spring-test-6.1.13.jar;C:\Users\benja\.m2\repository\org\xmlunit\xmlunit-core\2.9.1\xmlunit-core-2.9.1.jar;C:\Users\benja\.m2\repository\org\mockito\mockito-core\5.11.0\mockito-core-5.11.0.jar;C:\Users\benja\.m2\repository\net\bytebuddy\byte-buddy\1.14.19\byte-buddy-1.14.19.jar;C:\Users\benja\.m2\repository\net\bytebuddy\byte-buddy-agent\1.14.19\byte-buddy-agent-1.14.19.jar;C:\Users\benja\.m2\repository\org\objenesis\objenesis\3.3\objenesis-3.3.jar;C:\Users\benja\.m2\repository\org\mockito\mockito-junit-jupiter\5.11.0\mockito-junit-jupiter-5.11.0.jar;C:\Users\benja\.m2\repository\org\junit\jupiter\junit-jupiter-api\5.10.3\junit-jupiter-api-5.10.3.jar;C:\Users\benja\.m2\repository\org\opentest4j\opentest4j\1.3.0\opentest4j-1.3.0.jar;C:\Users\benja\.m2\repository\org\junit\platform\junit-platform-commons\1.10.3\junit-platform-commons-1.10.3.jar;C:\Users\benja\.m2\repository\org\apiguardian\apiguardian-api\1.1.2\apiguardian-api-1.1.2.jar;C:\Users\benja\.m2\repository\com\h2database\h2\2.2.224\h2-2.2.224.jar;C:\Users\benja\.m2\repository\org\postgresql\postgresql\42.7.4\postgresql-42.7.4.jar;C:\Users\benja\.m2\repository\org\checkerframework\checker-qual\3.42.0\checker-qual-3.42.0.jar;C:\Users\benja\.m2\repository\org\projectlombok\lombok\1.18.34\lombok-1.18.34.jar;"/>
    <property name="java.vm.vendor" value="Azul Systems, Inc."/>
    <property name="sun.arch.data.model" value="64"/>
    <property name="user.variant" value=""/>
    <property name="java.vendor.url" value="http://www.azul.com/"/>
    <property name="user.timezone" value="America/Santiago"/>
    <property name="os.name" value="Windows 10"/>
    <property name="java.vm.specification.version" value="17"/>
    <property name="sun.java.launcher" value="SUN_STANDARD"/>
    <property name="user.country" value="419"/>
    <property name="sun.boot.library.path" value="C:\Users\benja\.jdks\azul-17.0.12\bin"/>
    <property name="sun.java.command" value="C:\Users\benja\AppData\Local\Temp\surefire4256196885098637463\surefirebooter-20241103124536852_3.jar C:\Users\benja\AppData\Local\Temp\surefire4256196885098637463 2024-11-03T12-45-36_660-jvmRun1 surefire-20241103124536852_1tmp surefire_0-20241103124536852_2tmp"/>
    <property name="jdk.debug" value="release"/>
    <property name="surefire.test.class.path" value="C:\Users\benja\Desktop\RESPALDO BACKEND\target\test-classes;C:\Users\benja\Desktop\RESPALDO BACKEND\target\classes;C:\Users\benja\.m2\repository\org\springframework\boot\spring-boot-starter-data-jpa\3.3.4\spring-boot-starter-data-jpa-3.3.4.jar;C:\Users\benja\.m2\repository\org\springframework\boot\spring-boot-starter-aop\3.3.4\spring-boot-starter-aop-3.3.4.jar;C:\Users\benja\.m2\repository\org\springframework\spring-aop\6.1.13\spring-aop-6.1.13.jar;C:\Users\benja\.m2\repository\org\aspectj\aspectjweaver\1.9.22.1\aspectjweaver-1.9.22.1.jar;C:\Users\benja\.m2\repository\org\springframework\boot\spring-boot-starter-jdbc\3.3.4\spring-boot-starter-jdbc-3.3.4.jar;C:\Users\benja\.m2\repository\com\zaxxer\HikariCP\5.1.0\HikariCP-5.1.0.jar;C:\Users\benja\.m2\repository\org\springframework\spring-jdbc\6.1.13\spring-jdbc-6.1.13.jar;C:\Users\benja\.m2\repository\org\hibernate\orm\hibernate-core\6.5.3.Final\hibernate-core-6.5.3.Final.jar;C:\Users\benja\.m2\repository\jakarta\persistence\jakarta.persistence-api\3.1.0\jakarta.persistence-api-3.1.0.jar;C:\Users\benja\.m2\repository\jakarta\transaction\jakarta.transaction-api\2.0.1\jakarta.transaction-api-2.0.1.jar;C:\Users\benja\.m2\repository\org\jboss\logging\jboss-logging\3.5.3.Final\jboss-logging-3.5.3.Final.jar;C:\Users\benja\.m2\repository\org\hibernate\common\hibernate-commons-annotations\6.0.6.Final\hibernate-commons-annotations-6.0.6.Final.jar;C:\Users\benja\.m2\repository\io\smallrye\jandex\3.1.2\jandex-3.1.2.jar;C:\Users\benja\.m2\repository\com\fasterxml\classmate\1.7.0\classmate-1.7.0.jar;C:\Users\benja\.m2\repository\org\glassfish\jaxb\jaxb-runtime\4.0.5\jaxb-runtime-4.0.5.jar;C:\Users\benja\.m2\repository\org\glassfish\jaxb\jaxb-core\4.0.5\jaxb-core-4.0.5.jar;C:\Users\benja\.m2\repository\org\eclipse\angus\angus-activation\2.0.2\angus-activation-2.0.2.jar;C:\Users\benja\.m2\repository\org\glassfish\jaxb\txw2\4.0.5\txw2-4.0.5.jar;C:\Users\benja\.m2\repository\com\sun\istack\istack-commons-runtime\4.1.2\istack-commons-runtime-4.1.2.jar;C:\Users\benja\.m2\repository\jakarta\inject\jakarta.inject-api\2.0.1\jakarta.inject-api-2.0.1.jar;C:\Users\benja\.m2\repository\org\antlr\antlr4-runtime\4.13.0\antlr4-runtime-4.13.0.jar;C:\Users\benja\.m2\repository\org\springframework\data\spring-data-jpa\3.3.4\spring-data-jpa-3.3.4.jar;C:\Users\benja\.m2\repository\org\springframework\data\spring-data-commons\3.3.4\spring-data-commons-3.3.4.jar;C:\Users\benja\.m2\repository\org\springframework\spring-orm\6.1.13\spring-orm-6.1.13.jar;C:\Users\benja\.m2\repository\org\springframework\spring-context\6.1.13\spring-context-6.1.13.jar;C:\Users\benja\.m2\repository\org\springframework\spring-tx\6.1.13\spring-tx-6.1.13.jar;C:\Users\benja\.m2\repository\org\springframework\spring-beans\6.1.13\spring-beans-6.1.13.jar;C:\Users\benja\.m2\repository\jakarta\annotation\jakarta.annotation-api\2.1.1\jakarta.annotation-api-2.1.1.jar;C:\Users\benja\.m2\repository\org\slf4j\slf4j-api\2.0.16\slf4j-api-2.0.16.jar;C:\Users\benja\.m2\repository\org\springframework\spring-aspects\6.1.13\spring-aspects-6.1.13.jar;C:\Users\benja\.m2\repository\org\springframework\boot\spring-boot-starter-web\3.3.4\spring-boot-starter-web-3.3.4.jar;C:\Users\benja\.m2\repository\org\springframework\boot\spring-boot-starter\3.3.4\spring-boot-starter-3.3.4.jar;C:\Users\benja\.m2\repository\org\springframework\boot\spring-boot\3.3.4\spring-boot-3.3.4.jar;C:\Users\benja\.m2\repository\org\springframework\boot\spring-boot-autoconfigure\3.3.4\spring-boot-autoconfigure-3.3.4.jar;C:\Users\benja\.m2\repository\org\springframework\boot\spring-boot-starter-logging\3.3.4\spring-boot-starter-logging-3.3.4.jar;C:\Users\benja\.m2\repository\ch\qos\logback\logback-classic\1.5.8\logback-classic-1.5.8.jar;C:\Users\benja\.m2\repository\ch\qos\logback\logback-core\1.5.8\logback-core-1.5.8.jar;C:\Users\benja\.m2\repository\org\apache\logging\log4j\log4j-to-slf4j\2.23.1\log4j-to-slf4j-2.23.1.jar;C:\Users\benja\.m2\repository\org\apache\logging\log4j\log4j-api\2.23.1\log4j-api-2.23.1.jar;C:\Users\benja\.m2\repository\org\slf4j\jul-to-slf4j\2.0.16\jul-to-slf4j-2.0.16.jar;C:\Users\benja\.m2\repository\org\yaml\snakeyaml\2.2\snakeyaml-2.2.jar;C:\Users\benja\.m2\repository\org\springframework\boot\spring-boot-starter-json\3.3.4\spring-boot-starter-json-3.3.4.jar;C:\Users\benja\.m2\repository\com\fasterxml\jackson\core\jackson-databind\2.17.2\jackson-databind-2.17.2.jar;C:\Users\benja\.m2\repository\com\fasterxml\jackson\core\jackson-annotations\2.17.2\jackson-annotations-2.17.2.jar;C:\Users\benja\.m2\repository\com\fasterxml\jackson\core\jackson-core\2.17.2\jackson-core-2.17.2.jar;C:\Users\benja\.m2\repository\com\fasterxml\jackson\datatype\jackson-datatype-jdk8\2.17.2\jackson-datatype-jdk8-2.17.2.jar;C:\Users\benja\.m2\repository\com\fasterxml\jackson\datatype\jackson-datatype-jsr310\2.17.2\jackson-datatype-jsr310-2.17.2.jar;C:\Users\benja\.m2\repository\com\fasterxml\jackson\module\jackson-module-parameter-names\2.17.2\jackson-module-parameter-names-2.17.2.jar;C:\Users\benja\.m2\repository\org\springframework\boot\spring-boot-starter-tomcat\3.3.4\spring-boot-starter-tomcat-3.3.4.jar;C:\Users\benja\.m2\repository\org\apache\tomcat\embed\tomcat-embed-core\10.1.30\tomcat-embed-core-10.1.30.jar;C:\Users\benja\.m2\repository\org\apache\tomcat\embed\tomcat-embed-el\10.1.30\tomcat-embed-el-10.1.30.jar;C:\Users\benja\.m2\repository\org\apache\tomcat\embed\tomcat-embed-websocket\10.1.30\tomcat-embed-websocket-10.1.30.jar;C:\Users\benja\.m2\repository\org\springframework\spring-web\6.1.13\spring-web-6.1.13.jar;C:\Users\benja\.m2\repository\io\micrometer\micrometer-observation\1.13.4\micrometer-observation-1.13.4.jar;C:\Users\benja\.m2\repository\io\micrometer\micrometer-commons\1.13.4\micrometer-commons-1.13.4.jar;C:\Users\benja\.m2\repository\org\springframework\spring-webmvc\6.1.13\spring-webmvc-6.1.13.jar;C:\Users\benja\.m2\repository\org\springframework\spring-expression\6.1.13\spring-expression-6.1.13.jar;C:\Users\benja\.m2\repository\org\springframework\boot\spring-boot-starter-test\3.3.4\spring-boot-starter-test-3.3.4.jar;C:\Users\benja\.m2\repository\org\springframework\boot\spring-boot-test\3.3.4\spring-boot-test-3.3.4.jar;C:\Users\benja\.m2\repository\org\springframework\boot\spring-boot-test-autoconfigure\3.3.4\spring-boot-test-autoconfigure-3.3.4.jar;C:\Users\benja\.m2\repository\com\jayway\jsonpath\json-path\2.9.0\json-path-2.9.0.jar;C:\Users\benja\.m2\repository\jakarta\xml\bind\jakarta.xml.bind-api\4.0.2\jakarta.xml.bind-api-4.0.2.jar;C:\Users\benja\.m2\repository\jakarta\activation\jakarta.activation-api\2.1.3\jakarta.activation-api-2.1.3.jar;C:\Users\benja\.m2\repository\net\minidev\json-smart\2.5.1\json-smart-2.5.1.jar;C:\Users\benja\.m2\repository\net\minidev\accessors-smart\2.5.1\accessors-smart-2.5.1.jar;C:\Users\benja\.m2\repository\org\ow2\asm\asm\9.6\asm-9.6.jar;C:\Users\benja\.m2\repository\org\assertj\assertj-core\3.25.3\assertj-core-3.25.3.jar;C:\Users\benja\.m2\repository\org\awaitility\awaitility\4.2.2\awaitility-4.2.2.jar;C:\Users\benja\.m2\repository\org\hamcrest\hamcrest\2.2\hamcrest-2.2.jar;C:\Users\benja\.m2\repository\org\junit\jupiter\junit-jupiter\5.10.3\junit-jupiter-5.10.3.jar;C:\Users\benja\.m2\repository\org\junit\jupiter\junit-jupiter-params\5.10.3\junit-jupiter-params-5.10.3.jar;C:\Users\benja\.m2\repository\org\junit\jupiter\junit-jupiter-engine\5.10.3\junit-jupiter-engine-5.10.3.jar;C:\Users\benja\.m2\repository\org\junit\platform\junit-platform-engine\1.10.3\junit-platform-engine-1.10.3.jar;C:\Users\benja\.m2\repository\org\skyscreamer\jsonassert\1.5.3\jsonassert-1.5.3.jar;C:\Users\benja\.m2\repository\com\vaadin\external\google\android-json\0.0.20131108.vaadin1\android-json-0.0.20131108.vaadin1.jar;C:\Users\benja\.m2\repository\org\springframework\spring-core\6.1.13\spring-core-6.1.13.jar;C:\Users\benja\.m2\repository\org\springframework\spring-jcl\6.1.13\spring-jcl-6.1.13.jar;C:\Users\benja\.m2\repository\org\springframework\spring-test\6.1.13\spring-test-6.1.13.jar;C:\Users\benja\.m2\repository\org\xmlunit\xmlunit-core\2.9.1\xmlunit-core-2.9.1.jar;C:\Users\benja\.m2\repository\org\mockito\mockito-core\5.11.0\mockito-core-5.11.0.jar;C:\Users\benja\.m2\repository\net\bytebuddy\byte-buddy\1.14.19\byte-buddy-1.14.19.jar;C:\Users\benja\.m2\repository\net\bytebuddy\byte-buddy-agent\1.14.19\byte-buddy-agent-1.14.19.jar;C:\Users\benja\.m2\repository\org\objenesis\objenesis\3.3\objenesis-3.3.jar;C:\Users\benja\.m2\repository\org\mockito\mockito-junit-jupiter\5.11.0\mockito-junit-jupiter-5.11.0.jar;C:\Users\benja\.m2\repository\org\junit\jupiter\junit-jupiter-api\5.10.3\junit-jupiter-api-5.10.3.jar;C:\Users\benja\.m2\repository\org\opentest4j\opentest4j\1.3.0\opentest4j-1.3.0.jar;C:\Users\benja\.m2\repository\org\junit\platform\junit-platform-commons\1.10.3\junit-platform-commons-1.10.3.jar;C:\Users\benja\.m2\repository\org\apiguardian\apiguardian-api\1.1.2\apiguardian-api-1.1.2.jar;C:\Users\benja\.m2\repository\com\h2database\h2\2.2.224\h2-2.2.224.jar;C:\Users\benja\.m2\repository\org\postgresql\postgresql\42.7.4\postgresql-42.7.4.jar;C:\Users\benja\.m2\repository\org\checkerframework\checker-qual\3.42.0\checker-qual-3.42.0.jar;C:\Users\benja\.m2\repository\org\projectlombok\lombok\1.18.34\lombok-1.18.34.jar;"/>
    <property name="sun.cpu.endian" value="little"/>
    <property name="user.home" value="C:\Users\benja"/>
    <property name="user.language" value="es"/>
    <property name="java.specification.vendor" value="Oracle Corporation"/>
    <property name="java.version.date" value="2024-07-16"/>
    <property name="java.home" value="C:\Users\benja\.jdks\azul-17.0.12"/>
    <property name="file.separator" value="\"/>
    <property name="basedir" value="C:\Users\benja\Desktop\RESPALDO BACKEND"/>
    <property name="java.vm.compressedOopsMode" value="32-bit"/>
    <property name="line.separator" value="&#10;"/>
    <property name="java.vm.specification.vendor" value="Oracle Corporation"/>
    <property name="java.specification.name" value="Java Platform API Specification"/>
    <property name="surefire.real.class.path" value="C:\Users\benja\AppData\Local\Temp\surefire4256196885098637463\surefirebooter-20241103124536852_3.jar"/>
    <property name="user.script" value=""/>
    <property name="sun.management.compiler" value="HotSpot 64-Bit Tiered Compilers"/>
    <property name="java.runtime.version" value="17.0.12+7-LTS"/>
    <property name="user.name" value="benja"/>
    <property name="path.separator" value=";"/>
    <property name="os.version" value="10.0"/>
    <property name="java.runtime.name" value="OpenJDK Runtime Environment"/>
    <property name="file.encoding" value="Cp1252"/>
    <property name="java.vm.name" value="OpenJDK 64-Bit Server VM"/>
    <property name="java.vendor.version" value="Zulu17.52+17-CA"/>
    <property name="localRepository" value="C:\Users\benja\.m2\repository"/>
    <property name="java.vendor.url.bug" value="http://www.azul.com/support/"/>
    <property name="java.io.tmpdir" value="C:\Users\benja\AppData\Local\Temp\"/>
    <property name="idea.version" value="2024.1.3"/>
    <property name="java.version" value="17.0.12"/>
    <property name="user.dir" value="C:\Users\benja\Desktop\RESPALDO BACKEND"/>
    <property name="os.arch" value="amd64"/>
    <property name="java.vm.specification.name" value="Java Virtual Machine Specification"/>
    <property name="sun.os.patch.level" value=""/>
    <property name="native.encoding" value="Cp1252"/>
    <property name="java.library.path" value="C:\Users\benja\.jdks\azul-17.0.12\bin;C:\Windows\Sun\Java\bin;C:\Windows\system32;C:\Windows;C:\Program Files\Common Files\Oracle\Java\javapath;C:\Program Files (x86)\Common Files\Oracle\Java\java8path;C:\Program Files (x86)\Common Files\Oracle\Java\javapath;C:\Python312\Scripts\;C:\Python312\;C:\Windows\system32;C:\Windows;C:\Windows\System32\Wbem;C:\Windows\System32\WindowsPowerShell\v1.0\;C:\Windows\System32\OpenSSH\;C:\Program Files (x86)\NVIDIA Corporation\PhysX\Common;D:\Matlab\bin;C:\Program Files\NVIDIA Corporation\NVIDIA NvDLISR;B:\nodejs\;C:\ProgramData\chocolatey\bin;C:\Users\benja\AppData\Roaming\Python\Python312\Scripts.;B:\Git\Git\cmd;C:\Program Files\Docker\Docker\resources\bin;C:\Program Files\MySQL\MySQL Shell 8.0\bin\;C:\Users\benja\AppData\Local\Microsoft\WindowsApps;B:\VisualStudioCode\Microsoft VS Code\bin;C:\Users\benja\AppData\Local\gitkraken\bin;C:\MinGW\bin;B:\IntelliJ\IntelliJ IDEA 2024.1.3\bin;;C:\Users\benja\AppData\Roaming\npm;B:\PostgreSQL\bin;;."/>
    <property name="java.vm.info" value="mixed mode, sharing"/>
    <property name="java.vendor" value="Azul Systems, Inc."/>
    <property name="java.vm.version" value="17.0.12+7-LTS"/>
    <property name="sun.io.unicode.encoding" value="UnicodeLittle"/>
    <property name="java.class.version" value="61.0"/>
  </properties>
  <testcase name="whenGetPendingDebtsMonthlySalaryByRutAndClientHasPendingDebts_thenReturnCorrectRatio" classname="com.example.PrestaBanco.services.BankExecutiveServiceTest" time="1.749"/>
  <testcase name="whenGetCreditApplicationByIdAndApplicationDoesNotExist_thenThrowEntityNotFoundException" classname="com.example.PrestaBanco.services.BankExecutiveServiceTest" time="0.011"/>
  <testcase name="whenGetDebtsByRutAndClientExists_thenReturnDebtList" classname="com.example.PrestaBanco.services.BankExecutiveServiceTest" time="0.088"/>
  <testcase name="whenClientExistsAndHasNoDeposits_thenReturnZero" classname="com.example.PrestaBanco.services.BankExecutiveServiceTest" time="0.01"/>
  <testcase name="whenClientHasNoBankAccounts_thenReturnEmptyList" classname="com.example.PrestaBanco.services.BankExecutiveServiceTest" time="0.009"/>
  <testcase name="whenAdministrationCommissionByRutAndClientHasZeroExpectedAmount_thenReturnZeroCommission" classname="com.example.PrestaBanco.services.BankExecutiveServiceTest" time="0.007"/>
  <testcase name="whenAdministrationCommissionByRutAndClientHasNegativeExpectedAmount_thenReturnNegativeCommission" classname="com.example.PrestaBanco.services.BankExecutiveServiceTest" time="0.005"/>
  <testcase name="whenGetTimeLimitOfClientByRut_thenCallRepositoryFindByRut" classname="com.example.PrestaBanco.services.BankExecutiveServiceTest" time="0.013"/>
  <testcase name="whenTotalCostOfLoanByRutAndClientExists_thenReturnTotalCost" classname="com.example.PrestaBanco.services.BankExecutiveServiceTest" time="0.006"/>
  <testcase name="whenGetPendingDebtsByRutAndClientHasPendingDebts_thenReturnTotalPendingDebts" classname="com.example.PrestaBanco.services.BankExecutiveServiceTest" time="0.004"/>
  <testcase name="whenGetMonthlySalaryOfClientByRutAndClientExists_thenReturnMonthlySalary" classname="com.example.PrestaBanco.services.BankExecutiveServiceTest" time="0.006"/>
  <testcase name="whenMonthlyCostByRutAndClientDoesNotExist_thenThrowNullPointerException" classname="com.example.PrestaBanco.services.BankExecutiveServiceTest" time="0.004"/>
  <testcase name="whenGetInterestRateOfClientByRut_thenCallRepositoryFindByRut" classname="com.example.PrestaBanco.services.BankExecutiveServiceTest" time="0.004"/>
  <testcase name="whenGetPendingDebtsMonthlySalaryByRutAndClientHasPendingDebts_thenPendingDebtsAreIncluded" classname="com.example.PrestaBanco.services.BankExecutiveServiceTest" time="0.003"/>
  <testcase name="whenGetTimeLimitOfClientByRutAndClientDoesNotExist_thenThrowException" classname="com.example.PrestaBanco.services.BankExecutiveServiceTest" time="0.004"/>
  <testcase name="whenGetMonthlySalaryOfClientByRutAndClientDoesNotExist_thenThrowException" classname="com.example.PrestaBanco.services.BankExecutiveServiceTest" time="0.003"/>
  <testcase name="whenGetPendingDebtsByRutAndClientHasNoPendingDebts_thenReturnZero" classname="com.example.PrestaBanco.services.BankExecutiveServiceTest" time="0.003"/>
  <testcase name="whenGetMonthlyLoanOfClientByRutAndClientDoesNotExist_thenThrowException" classname="com.example.PrestaBanco.services.BankExecutiveServiceTest" time="0.004"/>
  <testcase name="whenUpdateStatusOfCreditApplicationWithNullId_thenThrowIllegalArgumentException" classname="com.example.PrestaBanco.services.BankExecutiveServiceTest" time="0.003"/>
  <testcase name="whenInsuranceCalculationByRutAndClientDoesNotExist_thenReturnNullPointerException" classname="com.example.PrestaBanco.services.BankExecutiveServiceTest" time="0.003"/>
  <testcase name="whenGetPendingDebtsMonthlySalaryByRutAndClientDoesNotExist_thenThrowEntityNotFoundException" classname="com.example.PrestaBanco.services.BankExecutiveServiceTest" time="0.003"/>
  <testcase name="testGetAgeAndVerifyMaximumAge_ByRut_ClientEligibleForLoan" classname="com.example.PrestaBanco.services.BankExecutiveServiceTest" time="0.003"/>
  <testcase name="whenGetDebtAmountByRutAndThrowsException_thenHandleException" classname="com.example.PrestaBanco.services.BankExecutiveServiceTest" time="0.006"/>
  <testcase name="testGetAgeAndVerifyMaximumAge_ByRut_UnderageClient" classname="com.example.PrestaBanco.services.BankExecutiveServiceTest" time="0.004"/>
  <testcase name="whenGetFeeIncomeRatioByRutAndClientExists_thenReturnFeeIncomeRatio" classname="com.example.PrestaBanco.services.BankExecutiveServiceTest" time="0.006">
    <system-out><![CDATA[El ratio de ingresos supera el 35%: 2717.391304347826%
]]></system-out>
  </testcase>
  <testcase name="whenGetExpectedAmountOfClientByRutAndThrowsException_thenHandleException" classname="com.example.PrestaBanco.services.BankExecutiveServiceTest" time="0.006"/>
  <testcase name="whenGetInterestRateOfClientByRutAndClientDoesNotExist_thenThrowException" classname="com.example.PrestaBanco.services.BankExecutiveServiceTest" time="0.004"/>
  <testcase name="whenGetExpectedAmountOfClientByRutAndClientDoesNotExist_thenThrowException" classname="com.example.PrestaBanco.services.BankExecutiveServiceTest" time="0.003"/>
  <testcase name="whenGetFeeIncomeRatioByRutAndClientDoesNotExist_thenThrowException" classname="com.example.PrestaBanco.services.BankExecutiveServiceTest" time="0.004"/>
  <testcase name="whenInsuranceCalculationByRutAndClientHasZeroExpectedAmount_thenReturnZeroInsurance" classname="com.example.PrestaBanco.services.BankExecutiveServiceTest" time="0.003"/>
  <testcase name="whenGetInterestRateOfClientByRutAndClientExists_thenReturnInterestRate" classname="com.example.PrestaBanco.services.BankExecutiveServiceTest" time="0.002"/>
  <testcase name="whenClientHasNoEmploymentHistory_thenReturnEmptyList" classname="com.example.PrestaBanco.services.BankExecutiveServiceTest" time="0.004"/>
  <testcase name="testGetAgeAndVerifyMaximumAge_ByRut_ClientHasLessThan5YearsToReach75" classname="com.example.PrestaBanco.services.BankExecutiveServiceTest" time="0.003"/>
  <testcase name="whenGetMonthlySalaryOfClientByRut_thenCallRepositoryFindByRut" classname="com.example.PrestaBanco.services.BankExecutiveServiceTest" time="0.002"/>
  <testcase name="whenClientHasConsistentBankAccounts_thenReturnTrue" classname="com.example.PrestaBanco.services.BankExecutiveServiceTest" time="0.002"/>
  <testcase name="whenInsuranceCalculationByRutAndClientHasNegativeExpectedAmount_thenReturnNegativeInsurance" classname="com.example.PrestaBanco.services.BankExecutiveServiceTest" time="0.002"/>
  <testcase name="whenMonthlyCostByRutAndClientHasZeroExpectedAmount_thenReturnZeroInsurance" classname="com.example.PrestaBanco.services.BankExecutiveServiceTest" time="0.003"/>
  <testcase name="whenAdministrationCommissionByRutAndClientExists_thenReturnCommissionAmount" classname="com.example.PrestaBanco.services.BankExecutiveServiceTest" time="0.004"/>
  <testcase name="whenClientExistsAndHasWithdrawals_thenReturnTotalWithdrawal" classname="com.example.PrestaBanco.services.BankExecutiveServiceTest" time="0.003"/>
  <testcase name="whenTotalCostOfLoanByRutAndMonthlyLoanIsZero_thenReturnCommissionOnly" classname="com.example.PrestaBanco.services.BankExecutiveServiceTest" time="0.003"/>
  <testcase name="whenTotalCostOfLoanByRutAndClientDoesNotExist_thenThrowNullPointerException" classname="com.example.PrestaBanco.services.BankExecutiveServiceTest" time="0.005"/>
  <testcase name="whenAdministrationCommissionByRutAndClientDoesNotExist_thenReturnNullPointerException" classname="com.example.PrestaBanco.services.BankExecutiveServiceTest" time="0.003"/>
  <testcase name="whenClientHasAtLeastFourMonthsOfDeposits_thenReturnTrue" classname="com.example.PrestaBanco.services.BankExecutiveServiceTest" time="0.003"/>
  <testcase name="whenGetDebtAmountByRutAndClientDoesNotExist_thenReturnZero" classname="com.example.PrestaBanco.services.BankExecutiveServiceTest" time="0.003"/>
  <testcase name="whenUpdateStatusOfCreditApplicationAndApplicationExists_thenUpdateStatus" classname="com.example.PrestaBanco.services.BankExecutiveServiceTest" time="0.004"/>
  <testcase name="whenGetPendingDebtsMonthlySalaryByRutAndClientHasNoPendingDebts_thenReturnCorrectRatio" classname="com.example.PrestaBanco.services.BankExecutiveServiceTest" time="0.003"/>
  <testcase name="whenClientExists_thenReturnEmploymentHistory" classname="com.example.PrestaBanco.services.BankExecutiveServiceTest" time="0.003"/>
  <testcase name="whenClientHasNoTransactions_thenReturnFalse" classname="com.example.PrestaBanco.services.BankExecutiveServiceTest" time="0.002"/>
  <testcase name="whenClientExists_thenReturnClientBankAccounts" classname="com.example.PrestaBanco.services.BankExecutiveServiceTest" time="0.002"/>
  <testcase name="whenGetExpectedAmountOfClientByRut_thenCallRepositoryFindByRut" classname="com.example.PrestaBanco.services.BankExecutiveServiceTest" time="0.002"/>
  <testcase name="whenClientExists_thenReturnCreditApplications" classname="com.example.PrestaBanco.services.BankExecutiveServiceTest" time="0.002"/>
  <testcase name="whenGetTimeLimitOfClientByRutAndThrowsException_thenHandleException" classname="com.example.PrestaBanco.services.BankExecutiveServiceTest" time="0.003"/>
  <testcase name="testCheckRecentWithdrawals_WithLargeWithdrawal" classname="com.example.PrestaBanco.services.BankExecutiveServiceTest" time="0.002"/>
  <testcase name="whenClientExistsAndHasDeposits_thenReturnTotalDeposit" classname="com.example.PrestaBanco.services.BankExecutiveServiceTest" time="0.002"/>
  <testcase name="whenGetMonthlySalaryOfClientByRutAndThrowsException_thenHandleException" classname="com.example.PrestaBanco.services.BankExecutiveServiceTest" time="0.002"/>
  <testcase name="whenGetMonthlyLoanOfClientByRutAndClientExists_thenReturnMonthlyLoan" classname="com.example.PrestaBanco.services.BankExecutiveServiceTest" time="0.001"/>
  <testcase name="whenClientHasNoBankAccounts_thenReturnZeroInDeposit" classname="com.example.PrestaBanco.services.BankExecutiveServiceTest" time="0.002"/>
  <testcase name="whenGetLoanTypeClientByRutAndClientExists_thenReturnLoanType" classname="com.example.PrestaBanco.services.BankExecutiveServiceTest" time="0.002"/>
  <testcase name="whenGetInterestRateOfClientByRutAndThrowsException_thenHandleException" classname="com.example.PrestaBanco.services.BankExecutiveServiceTest" time="0.005"/>
  <testcase name="whenInsuranceCalculationByRutAndClientExists_thenReturnInsuranceAmount" classname="com.example.PrestaBanco.services.BankExecutiveServiceTest" time="0.002"/>
  <testcase name="whenGetDebtAmountByRutAndClientHasNoDebts_thenReturnZero" classname="com.example.PrestaBanco.services.BankExecutiveServiceTest" time="0.003"/>
  <testcase name="whenClientHasNoCreditApplications_thenReturnEmptyList" classname="com.example.PrestaBanco.services.BankExecutiveServiceTest" time="0.002"/>
  <testcase name="whenGetDebtAmountByRutAndClientExists_thenReturnTotalDebtAmount" classname="com.example.PrestaBanco.services.BankExecutiveServiceTest" time="0.002"/>
  <testcase name="whenMonthlyCostByRutAndMonthlyLoanIsZero_thenReturnInsuranceAndFireInsurance" classname="com.example.PrestaBanco.services.BankExecutiveServiceTest" time="0.004">
    <system-out><![CDATA[Expected Insurance: 0
Fire Insurance: 50
Expected Monthly Cost: 20000
Actual Monthly Cost: 20000
]]></system-out>
  </testcase>
  <testcase name="whenGetTimeLimitOfClientByRutAndClientExists_thenReturnTimeLimit" classname="com.example.PrestaBanco.services.BankExecutiveServiceTest" time="0.005"/>
  <testcase name="whenTotalCostOfLoanByRutAndClientDoesNotExist_thenReturnNullPointerException" classname="com.example.PrestaBanco.services.BankExecutiveServiceTest" time="0.004"/>
  <testcase name="whenClientHasMultipleCreditApplications_thenReturnAllApplications" classname="com.example.PrestaBanco.services.BankExecutiveServiceTest" time="0.002"/>
  <testcase name="whenGetLoanTypeClientByRutAndClientHasNoLoanType_thenReturnEmptyString" classname="com.example.PrestaBanco.services.BankExecutiveServiceTest" time="0.001"/>
  <testcase name="whenClientHasMultipleBankAccounts_thenReturnAllAccounts" classname="com.example.PrestaBanco.services.BankExecutiveServiceTest" time="0.002"/>
  <testcase name="whenGetMonthlyLoanOfClientByRut_thenCallRepositoryFindByRut" classname="com.example.PrestaBanco.services.BankExecutiveServiceTest" time="0.002"/>
  <testcase name="whenGetFeeIncomeRatioByRutAndThrowsException_thenHandleException" classname="com.example.PrestaBanco.services.BankExecutiveServiceTest" time="0.003"/>
  <testcase name="whenGetFeeIncomeRatioByRutAndClientExistsWithHighRatio_thenPrintWarning" classname="com.example.PrestaBanco.services.BankExecutiveServiceTest" time="0.002">
    <system-out><![CDATA[El ratio de ingresos supera el 35%: 1805.054151624549%
]]></system-out>
  </testcase>
  <testcase name="whenClientHasMultipleEmployments_thenReturnAllEmploymentHistory" classname="com.example.PrestaBanco.services.BankExecutiveServiceTest" time="0.003"/>
  <testcase name="whenClientHasNoBankAccounts_thenReturnZeroInWithdrawal" classname="com.example.PrestaBanco.services.BankExecutiveServiceTest" time="0.003"/>
  <testcase name="testGetAgeAndVerifyMaximumAge_ByRut_ClientAgeFinalIs75OrMore" classname="com.example.PrestaBanco.services.BankExecutiveServiceTest" time="0.002"/>
  <testcase name="whenTotalCostOfLoanByRutAndClientHasZeroExpectedAmount_thenReturnZeroInsurance" classname="com.example.PrestaBanco.services.BankExecutiveServiceTest" time="0.001"/>
  <testcase name="whenGetExpectedAmountOfClientByRutAndClientExists_thenReturnExpectedAmount" classname="com.example.PrestaBanco.services.BankExecutiveServiceTest" time="0.002"/>
  <testcase name="whenGetMonthlyLoanOfClientByRutAndThrowsException_thenHandleException" classname="com.example.PrestaBanco.services.BankExecutiveServiceTest" time="0.003"/>
  <testcase name="whenGetDebtsByRutAndThrowsException_thenHandleException" classname="com.example.PrestaBanco.services.BankExecutiveServiceTest" time="0.002"/>
  <testcase name="whenGetDebtsByRutAndClientDoesNotExist_thenThrowException" classname="com.example.PrestaBanco.services.BankExecutiveServiceTest" time="0.002"/>
  <testcase name="whenClientExistsAndHasNoWithdrawals_thenReturnZero" classname="com.example.PrestaBanco.services.BankExecutiveServiceTest" time="0.002"/>
  <testcase name="whenGetCreditApplicationByIdAndApplicationExists_thenReturnCreditApplication" classname="com.example.PrestaBanco.services.BankExecutiveServiceTest" time="0.001"/>
  <testcase name="whenMonthlyCostByRutAndClientExists_thenReturnMonthlyCost" classname="com.example.PrestaBanco.services.BankExecutiveServiceTest" time="0.002"/>
  <testcase name="whenUpdateStatusOfCreditApplicationWithNullStatus_thenThrowIllegalArgumentException" classname="com.example.PrestaBanco.services.BankExecutiveServiceTest" time="0.002"/>
  <testcase name="whenMonthlyCostByRutAndClientDoesNotExist_thenReturnNullPointerException" classname="com.example.PrestaBanco.services.BankExecutiveServiceTest" time="0.003"/>
</testsuite>